2014/08/20 10:00:44 [error] [exception.CException] exception 'CException' with message 'SiteController cannot find the requested view "index".' in D:\Program Files (x86)\VertrigoServ\www\yii\framework\web\CController.php:878
Stack trace:
#0 D:\Program Files (x86)\VertrigoServ\www\yii\framework\web\CController.php(782): CController->renderPartial('index', NULL, true)
#1 D:\Program Files (x86)\VertrigoServ\www\yii\hoteljob\protected\controllers\SiteController.php(32): CController->render('index')
#2 D:\Program Files (x86)\VertrigoServ\www\yii\framework\web\actions\CInlineAction.php(49): SiteController->actionIndex()
#3 D:\Program Files (x86)\VertrigoServ\www\yii\framework\web\CController.php(308): CInlineAction->runWithParams(Array)
#4 D:\Program Files (x86)\VertrigoServ\www\yii\framework\web\CController.php(286): CController->runAction(Object(CInlineAction))
#5 D:\Program Files (x86)\VertrigoServ\www\yii\framework\web\CController.php(265): CController->runActionWithFilters(Object(CInlineAction), Array)
#6 D:\Program Files (x86)\VertrigoServ\www\yii\framework\web\CWebApplication.php(282): CController->run('')
#7 D:\Program Files (x86)\VertrigoServ\www\yii\framework\web\CWebApplication.php(141): CWebApplication->runController('')
#8 D:\Program Files (x86)\VertrigoServ\www\yii\framework\base\CApplication.php(180): CWebApplication->processRequest()
#9 D:\Program Files (x86)\VertrigoServ\www\yii\hoteljob\back.php(13): CApplication->run('back')
#10 {main}
REQUEST_URI=/back.php
---
2014/08/20 10:03:52 [error] [exception.CException] exception 'CException' with message 'SiteController cannot find the requested view "index".' in D:\Program Files (x86)\VertrigoServ\www\yii\framework\web\CController.php:878
Stack trace:
#0 D:\Program Files (x86)\VertrigoServ\www\yii\framework\web\CController.php(782): CController->renderPartial('index', NULL, true)
#1 D:\Program Files (x86)\VertrigoServ\www\yii\hoteljob\protected\controllers\SiteController.php(32): CController->render('index')
#2 D:\Program Files (x86)\VertrigoServ\www\yii\framework\web\actions\CInlineAction.php(49): SiteController->actionIndex()
#3 D:\Program Files (x86)\VertrigoServ\www\yii\framework\web\CController.php(308): CInlineAction->runWithParams(Array)
#4 D:\Program Files (x86)\VertrigoServ\www\yii\framework\web\CController.php(286): CController->runAction(Object(CInlineAction))
#5 D:\Program Files (x86)\VertrigoServ\www\yii\framework\web\CController.php(265): CController->runActionWithFilters(Object(CInlineAction), Array)
#6 D:\Program Files (x86)\VertrigoServ\www\yii\framework\web\CWebApplication.php(282): CController->run('')
#7 D:\Program Files (x86)\VertrigoServ\www\yii\framework\web\CWebApplication.php(141): CWebApplication->runController('')
#8 D:\Program Files (x86)\VertrigoServ\www\yii\framework\base\CApplication.php(180): CWebApplication->processRequest()
#9 D:\Program Files (x86)\VertrigoServ\www\yii\hoteljob\backend.php(13): CApplication->run('back')
#10 {main}
REQUEST_URI=/backend.php
---
2014/08/20 10:06:52 [error] [exception.CException] exception 'CException' with message 'SiteController cannot find the requested view "index".' in D:\Program Files (x86)\VertrigoServ\www\yii\framework\web\CController.php:878
Stack trace:
#0 D:\Program Files (x86)\VertrigoServ\www\yii\framework\web\CController.php(782): CController->renderPartial('index', NULL, true)
#1 D:\Program Files (x86)\VertrigoServ\www\yii\hoteljob\protected\controllers\SiteController.php(32): CController->render('index')
#2 D:\Program Files (x86)\VertrigoServ\www\yii\framework\web\actions\CInlineAction.php(49): SiteController->actionIndex()
#3 D:\Program Files (x86)\VertrigoServ\www\yii\framework\web\CController.php(308): CInlineAction->runWithParams(Array)
#4 D:\Program Files (x86)\VertrigoServ\www\yii\framework\web\CController.php(286): CController->runAction(Object(CInlineAction))
#5 D:\Program Files (x86)\VertrigoServ\www\yii\framework\web\CController.php(265): CController->runActionWithFilters(Object(CInlineAction), Array)
#6 D:\Program Files (x86)\VertrigoServ\www\yii\framework\web\CWebApplication.php(282): CController->run('')
#7 D:\Program Files (x86)\VertrigoServ\www\yii\framework\web\CWebApplication.php(141): CWebApplication->runController('')
#8 D:\Program Files (x86)\VertrigoServ\www\yii\framework\base\CApplication.php(180): CWebApplication->processRequest()
#9 D:\Program Files (x86)\VertrigoServ\www\yii\hoteljob\index.php(13): CApplication->run('front')
#10 {main}
REQUEST_URI=/
---
2014/09/01 07:21:14 [error] [php] Trying to get property of non-object (D:\Program Files (x86)\VertrigoServ\www\yii\hoteljob\protected\views\back\site\login.php:18)
Stack trace:
#0 D:\Program Files (x86)\VertrigoServ\www\yii\framework\web\CController.php(869): SiteController->renderFile()
#1 D:\Program Files (x86)\VertrigoServ\www\yii\framework\web\CController.php(782): SiteController->renderPartial()
#2 D:\Program Files (x86)\VertrigoServ\www\yii\hoteljob\protected\controllers\back\SiteController.php(95): SiteController->render()
#3 D:\Program Files (x86)\VertrigoServ\www\yii\framework\web\actions\CInlineAction.php(49): SiteController->actionLogin()
#4 D:\Program Files (x86)\VertrigoServ\www\yii\framework\web\CController.php(308): CInlineAction->runWithParams()
#5 D:\Program Files (x86)\VertrigoServ\www\yii\framework\web\filters\CFilterChain.php(133): SiteController->runAction()
#6 D:\Program Files (x86)\VertrigoServ\www\yii\framework\web\filters\CFilter.php(40): CFilterChain->run()
#7 D:\Program Files (x86)\VertrigoServ\www\yii\framework\web\CController.php(1145): CAccessControlFilter->filter()
#8 D:\Program Files (x86)\VertrigoServ\www\yii\framework\web\filters\CInlineFilter.php(58): SiteController->filterAccessControl()
#9 D:\Program Files (x86)\VertrigoServ\www\yii\framework\web\filters\CFilterChain.php(130): CInlineFilter->filter()
#10 D:\Program Files (x86)\VertrigoServ\www\yii\framework\web\CController.php(291): CFilterChain->run()
#11 D:\Program Files (x86)\VertrigoServ\www\yii\framework\web\CController.php(265): SiteController->runActionWithFilters()
#12 D:\Program Files (x86)\VertrigoServ\www\yii\framework\web\CWebApplication.php(282): SiteController->run()
#13 D:\Program Files (x86)\VertrigoServ\www\yii\framework\web\CWebApplication.php(141): CWebApplication->runController()
#14 D:\Program Files (x86)\VertrigoServ\www\yii\framework\base\CApplication.php(180): CWebApplication->processRequest()
#15 D:\Program Files (x86)\VertrigoServ\www\yii\hoteljob\protected\components\WebApplicationEndBehavior.php(31): CWebApplication->run()
#16 unknown(0): WebApplicationEndBehavior->runEnd()
#17 D:\Program Files (x86)\VertrigoServ\www\yii\framework\base\CComponent.php(261): call_user_func_array()
#18 D:\Program Files (x86)\VertrigoServ\www\yii\hoteljob\backend.php(13): CWebApplication->__call()
#19 D:\Program Files (x86)\VertrigoServ\www\yii\hoteljob\backend.php(13): CWebApplication->runEnd()
REQUEST_URI=/yii/hoteljob/backend.php?r=site/login
in D:\Program Files (x86)\VertrigoServ\www\yii\hoteljob\protected\views\back\site\login.php (18)
in D:\Program Files (x86)\VertrigoServ\www\yii\hoteljob\protected\controllers\back\SiteController.php (95)
in D:\Program Files (x86)\VertrigoServ\www\yii\hoteljob\protected\components\WebApplicationEndBehavior.php (31)
2014/09/01 07:21:24 [error] [exception.CException] exception 'CException' with message 'Property "LoginForm._errors" is not defined.' in D:\Program Files (x86)\VertrigoServ\www\yii\framework\base\CComponent.php:130
Stack trace:
#0 D:\Program Files (x86)\VertrigoServ\www\yii\hoteljob\protected\views\back\site\login.php(18): CComponent->__get('_errors')
#1 D:\Program Files (x86)\VertrigoServ\www\yii\framework\web\CBaseController.php(126): require('D:\Program File...')
#2 D:\Program Files (x86)\VertrigoServ\www\yii\framework\web\CBaseController.php(95): CBaseController->renderInternal('D:\Program File...', Array, true)
#3 D:\Program Files (x86)\VertrigoServ\www\yii\framework\web\CController.php(869): CBaseController->renderFile('D:\Program File...', Array, true)
#4 D:\Program Files (x86)\VertrigoServ\www\yii\framework\web\CController.php(782): CController->renderPartial('login', Array, true)
#5 D:\Program Files (x86)\VertrigoServ\www\yii\hoteljob\protected\controllers\back\SiteController.php(95): CController->render('login', Array)
#6 D:\Program Files (x86)\VertrigoServ\www\yii\framework\web\actions\CInlineAction.php(49): SiteController->actionLogin()
#7 D:\Program Files (x86)\VertrigoServ\www\yii\framework\web\CController.php(308): CInlineAction->runWithParams(Array)
#8 D:\Program Files (x86)\VertrigoServ\www\yii\framework\web\filters\CFilterChain.php(133): CController->runAction(Object(CInlineAction))
#9 D:\Program Files (x86)\VertrigoServ\www\yii\framework\web\filters\CFilter.php(40): CFilterChain->run()
#10 D:\Program Files (x86)\VertrigoServ\www\yii\framework\web\CController.php(1145): CFilter->filter(Object(CFilterChain))
#11 D:\Program Files (x86)\VertrigoServ\www\yii\framework\web\filters\CInlineFilter.php(58): CController->filterAccessControl(Object(CFilterChain))
#12 D:\Program Files (x86)\VertrigoServ\www\yii\framework\web\filters\CFilterChain.php(130): CInlineFilter->filter(Object(CFilterChain))
#13 D:\Program Files (x86)\VertrigoServ\www\yii\framework\web\CController.php(291): CFilterChain->run()
#14 D:\Program Files (x86)\VertrigoServ\www\yii\framework\web\CController.php(265): CController->runActionWithFilters(Object(CInlineAction), Array)
#15 D:\Program Files (x86)\VertrigoServ\www\yii\framework\web\CWebApplication.php(282): CController->run('login')
#16 D:\Program Files (x86)\VertrigoServ\www\yii\framework\web\CWebApplication.php(141): CWebApplication->runController('site/login')
#17 D:\Program Files (x86)\VertrigoServ\www\yii\framework\base\CApplication.php(180): CWebApplication->processRequest()
#18 D:\Program Files (x86)\VertrigoServ\www\yii\hoteljob\protected\components\WebApplicationEndBehavior.php(31): CApplication->run()
#19 [internal function]: WebApplicationEndBehavior->runEnd('back')
#20 D:\Program Files (x86)\VertrigoServ\www\yii\framework\base\CComponent.php(261): call_user_func_array(Array, Array)
#21 D:\Program Files (x86)\VertrigoServ\www\yii\hoteljob\backend.php(13): CComponent->__call('runEnd', Array)
#22 D:\Program Files (x86)\VertrigoServ\www\yii\hoteljob\backend.php(13): CWebApplication->runEnd('back')
#23 {main}
REQUEST_URI=/yii/hoteljob/backend.php?r=site/login
HTTP_REFERER=http://localhost/yii/hoteljob/backend.php?r=site/login
---
2014/09/01 07:26:51 [error] [exception.CException] exception 'CException' with message 'SiteController cannot find the requested view "contact".' in D:\Program Files (x86)\VertrigoServ\www\yii\framework\web\CController.php:878
Stack trace:
#0 D:\Program Files (x86)\VertrigoServ\www\yii\framework\web\CController.php(782): CController->renderPartial('contact', Array, true)
#1 D:\Program Files (x86)\VertrigoServ\www\yii\hoteljob\protected\controllers\back\SiteController.php(69): CController->render('contact', Array)
#2 D:\Program Files (x86)\VertrigoServ\www\yii\framework\web\actions\CInlineAction.php(49): SiteController->actionContact()
#3 D:\Program Files (x86)\VertrigoServ\www\yii\framework\web\CController.php(308): CInlineAction->runWithParams(Array)
#4 D:\Program Files (x86)\VertrigoServ\www\yii\framework\web\filters\CFilterChain.php(133): CController->runAction(Object(CInlineAction))
#5 D:\Program Files (x86)\VertrigoServ\www\yii\framework\web\filters\CFilter.php(40): CFilterChain->run()
#6 D:\Program Files (x86)\VertrigoServ\www\yii\framework\web\CController.php(1145): CFilter->filter(Object(CFilterChain))
#7 D:\Program Files (x86)\VertrigoServ\www\yii\framework\web\filters\CInlineFilter.php(58): CController->filterAccessControl(Object(CFilterChain))
#8 D:\Program Files (x86)\VertrigoServ\www\yii\framework\web\filters\CFilterChain.php(130): CInlineFilter->filter(Object(CFilterChain))
#9 D:\Program Files (x86)\VertrigoServ\www\yii\framework\web\CController.php(291): CFilterChain->run()
#10 D:\Program Files (x86)\VertrigoServ\www\yii\framework\web\CController.php(265): CController->runActionWithFilters(Object(CInlineAction), Array)
#11 D:\Program Files (x86)\VertrigoServ\www\yii\framework\web\CWebApplication.php(282): CController->run('contact')
#12 D:\Program Files (x86)\VertrigoServ\www\yii\framework\web\CWebApplication.php(141): CWebApplication->runController('site/contact')
#13 D:\Program Files (x86)\VertrigoServ\www\yii\framework\base\CApplication.php(180): CWebApplication->processRequest()
#14 D:\Program Files (x86)\VertrigoServ\www\yii\hoteljob\protected\components\WebApplicationEndBehavior.php(31): CApplication->run()
#15 [internal function]: WebApplicationEndBehavior->runEnd('back')
#16 D:\Program Files (x86)\VertrigoServ\www\yii\framework\base\CComponent.php(261): call_user_func_array(Array, Array)
#17 D:\Program Files (x86)\VertrigoServ\www\yii\hoteljob\backend.php(13): CComponent->__call('runEnd', Array)
#18 D:\Program Files (x86)\VertrigoServ\www\yii\hoteljob\backend.php(13): CWebApplication->runEnd('back')
#19 {main}
REQUEST_URI=/yii/hoteljob/backend.php?r=site/contact
HTTP_REFERER=http://localhost/yii/hoteljob/backend.php
---
2014/09/01 07:51:51 [error] [php] Undefined variable: params (D:\Program Files (x86)\VertrigoServ\www\yii\hoteljob\protected\views\back\site\dashboard.php:9)
Stack trace:
#0 D:\Program Files (x86)\VertrigoServ\www\yii\framework\web\CController.php(869): SiteController->renderFile()
#1 D:\Program Files (x86)\VertrigoServ\www\yii\framework\web\CController.php(782): SiteController->renderPartial()
#2 D:\Program Files (x86)\VertrigoServ\www\yii\hoteljob\protected\controllers\back\SiteController.php(36): SiteController->render()
#3 D:\Program Files (x86)\VertrigoServ\www\yii\framework\web\actions\CInlineAction.php(49): SiteController->actionDashboard()
#4 D:\Program Files (x86)\VertrigoServ\www\yii\framework\web\CController.php(308): CInlineAction->runWithParams()
#5 D:\Program Files (x86)\VertrigoServ\www\yii\framework\web\filters\CFilterChain.php(133): SiteController->runAction()
#6 D:\Program Files (x86)\VertrigoServ\www\yii\framework\web\filters\CFilter.php(40): CFilterChain->run()
#7 D:\Program Files (x86)\VertrigoServ\www\yii\framework\web\CController.php(1145): CAccessControlFilter->filter()
#8 D:\Program Files (x86)\VertrigoServ\www\yii\framework\web\filters\CInlineFilter.php(58): SiteController->filterAccessControl()
#9 D:\Program Files (x86)\VertrigoServ\www\yii\framework\web\filters\CFilterChain.php(130): CInlineFilter->filter()
#10 D:\Program Files (x86)\VertrigoServ\www\yii\framework\web\CController.php(291): CFilterChain->run()
#11 D:\Program Files (x86)\VertrigoServ\www\yii\framework\web\CController.php(265): SiteController->runActionWithFilters()
#12 D:\Program Files (x86)\VertrigoServ\www\yii\framework\web\CWebApplication.php(282): SiteController->run()
#13 D:\Program Files (x86)\VertrigoServ\www\yii\framework\web\CWebApplication.php(141): CWebApplication->runController()
#14 D:\Program Files (x86)\VertrigoServ\www\yii\framework\base\CApplication.php(180): CWebApplication->processRequest()
#15 D:\Program Files (x86)\VertrigoServ\www\yii\hoteljob\protected\components\WebApplicationEndBehavior.php(31): CWebApplication->run()
#16 unknown(0): WebApplicationEndBehavior->runEnd()
#17 D:\Program Files (x86)\VertrigoServ\www\yii\framework\base\CComponent.php(261): call_user_func_array()
#18 D:\Program Files (x86)\VertrigoServ\www\yii\hoteljob\backend.php(13): CWebApplication->__call()
#19 D:\Program Files (x86)\VertrigoServ\www\yii\hoteljob\backend.php(13): CWebApplication->runEnd()
REQUEST_URI=/yii/hoteljob/backend.php?r=site/dashboard
in D:\Program Files (x86)\VertrigoServ\www\yii\hoteljob\protected\views\back\site\dashboard.php (9)
in D:\Program Files (x86)\VertrigoServ\www\yii\hoteljob\protected\controllers\back\SiteController.php (36)
in D:\Program Files (x86)\VertrigoServ\www\yii\hoteljob\protected\components\WebApplicationEndBehavior.php (31)
2014/09/01 07:52:21 [error] [php] Undefined variable: model (D:\Program Files (x86)\VertrigoServ\www\yii\hoteljob\protected\views\back\site\dashboard.php:9)
Stack trace:
#0 D:\Program Files (x86)\VertrigoServ\www\yii\framework\web\CController.php(869): SiteController->renderFile()
#1 D:\Program Files (x86)\VertrigoServ\www\yii\framework\web\CController.php(782): SiteController->renderPartial()
#2 D:\Program Files (x86)\VertrigoServ\www\yii\hoteljob\protected\controllers\back\SiteController.php(36): SiteController->render()
#3 D:\Program Files (x86)\VertrigoServ\www\yii\framework\web\actions\CInlineAction.php(49): SiteController->actionDashboard()
#4 D:\Program Files (x86)\VertrigoServ\www\yii\framework\web\CController.php(308): CInlineAction->runWithParams()
#5 D:\Program Files (x86)\VertrigoServ\www\yii\framework\web\filters\CFilterChain.php(133): SiteController->runAction()
#6 D:\Program Files (x86)\VertrigoServ\www\yii\framework\web\filters\CFilter.php(40): CFilterChain->run()
#7 D:\Program Files (x86)\VertrigoServ\www\yii\framework\web\CController.php(1145): CAccessControlFilter->filter()
#8 D:\Program Files (x86)\VertrigoServ\www\yii\framework\web\filters\CInlineFilter.php(58): SiteController->filterAccessControl()
#9 D:\Program Files (x86)\VertrigoServ\www\yii\framework\web\filters\CFilterChain.php(130): CInlineFilter->filter()
#10 D:\Program Files (x86)\VertrigoServ\www\yii\framework\web\CController.php(291): CFilterChain->run()
#11 D:\Program Files (x86)\VertrigoServ\www\yii\framework\web\CController.php(265): SiteController->runActionWithFilters()
#12 D:\Program Files (x86)\VertrigoServ\www\yii\framework\web\CWebApplication.php(282): SiteController->run()
#13 D:\Program Files (x86)\VertrigoServ\www\yii\framework\web\CWebApplication.php(141): CWebApplication->runController()
#14 D:\Program Files (x86)\VertrigoServ\www\yii\framework\base\CApplication.php(180): CWebApplication->processRequest()
#15 D:\Program Files (x86)\VertrigoServ\www\yii\hoteljob\protected\components\WebApplicationEndBehavior.php(31): CWebApplication->run()
#16 unknown(0): WebApplicationEndBehavior->runEnd()
#17 D:\Program Files (x86)\VertrigoServ\www\yii\framework\base\CComponent.php(261): call_user_func_array()
#18 D:\Program Files (x86)\VertrigoServ\www\yii\hoteljob\backend.php(13): CWebApplication->__call()
#19 D:\Program Files (x86)\VertrigoServ\www\yii\hoteljob\backend.php(13): CWebApplication->runEnd()
REQUEST_URI=/yii/hoteljob/backend.php?r=site/dashboard
in D:\Program Files (x86)\VertrigoServ\www\yii\hoteljob\protected\views\back\site\dashboard.php (9)
in D:\Program Files (x86)\VertrigoServ\www\yii\hoteljob\protected\controllers\back\SiteController.php (36)
in D:\Program Files (x86)\VertrigoServ\www\yii\hoteljob\protected\components\WebApplicationEndBehavior.php (31)
2014/09/01 07:53:30 [error] [php] Undefined variable: model (D:\Program Files (x86)\VertrigoServ\www\yii\hoteljob\protected\views\back\site\dashboard.php:9)
Stack trace:
#0 D:\Program Files (x86)\VertrigoServ\www\yii\framework\web\CController.php(869): SiteController->renderFile()
#1 D:\Program Files (x86)\VertrigoServ\www\yii\framework\web\CController.php(782): SiteController->renderPartial()
#2 D:\Program Files (x86)\VertrigoServ\www\yii\hoteljob\protected\controllers\back\SiteController.php(37): SiteController->render()
#3 D:\Program Files (x86)\VertrigoServ\www\yii\framework\web\actions\CInlineAction.php(49): SiteController->actionDashboard()
#4 D:\Program Files (x86)\VertrigoServ\www\yii\framework\web\CController.php(308): CInlineAction->runWithParams()
#5 D:\Program Files (x86)\VertrigoServ\www\yii\framework\web\filters\CFilterChain.php(133): SiteController->runAction()
#6 D:\Program Files (x86)\VertrigoServ\www\yii\framework\web\filters\CFilter.php(40): CFilterChain->run()
#7 D:\Program Files (x86)\VertrigoServ\www\yii\framework\web\CController.php(1145): CAccessControlFilter->filter()
#8 D:\Program Files (x86)\VertrigoServ\www\yii\framework\web\filters\CInlineFilter.php(58): SiteController->filterAccessControl()
#9 D:\Program Files (x86)\VertrigoServ\www\yii\framework\web\filters\CFilterChain.php(130): CInlineFilter->filter()
#10 D:\Program Files (x86)\VertrigoServ\www\yii\framework\web\CController.php(291): CFilterChain->run()
#11 D:\Program Files (x86)\VertrigoServ\www\yii\framework\web\CController.php(265): SiteController->runActionWithFilters()
#12 D:\Program Files (x86)\VertrigoServ\www\yii\framework\web\CWebApplication.php(282): SiteController->run()
#13 D:\Program Files (x86)\VertrigoServ\www\yii\framework\web\CWebApplication.php(141): CWebApplication->runController()
#14 D:\Program Files (x86)\VertrigoServ\www\yii\framework\base\CApplication.php(180): CWebApplication->processRequest()
#15 D:\Program Files (x86)\VertrigoServ\www\yii\hoteljob\protected\components\WebApplicationEndBehavior.php(31): CWebApplication->run()
#16 unknown(0): WebApplicationEndBehavior->runEnd()
#17 D:\Program Files (x86)\VertrigoServ\www\yii\framework\base\CComponent.php(261): call_user_func_array()
#18 D:\Program Files (x86)\VertrigoServ\www\yii\hoteljob\backend.php(13): CWebApplication->__call()
#19 D:\Program Files (x86)\VertrigoServ\www\yii\hoteljob\backend.php(13): CWebApplication->runEnd()
REQUEST_URI=/yii/hoteljob/backend.php?r=site/dashboard
in D:\Program Files (x86)\VertrigoServ\www\yii\hoteljob\protected\views\back\site\dashboard.php (9)
in D:\Program Files (x86)\VertrigoServ\www\yii\hoteljob\protected\controllers\back\SiteController.php (37)
in D:\Program Files (x86)\VertrigoServ\www\yii\hoteljob\protected\components\WebApplicationEndBehavior.php (31)
2014/09/02 08:06:10 [error] [exception.CHttpException.404] exception 'CHttpException' with message 'Unable to resolve the request "gii".' in D:\Program Files (x86)\VertrigoServ\www\yii\framework\web\CWebApplication.php:286
Stack trace:
#0 D:\Program Files (x86)\VertrigoServ\www\yii\framework\web\CWebApplication.php(141): CWebApplication->runController('gii')
#1 D:\Program Files (x86)\VertrigoServ\www\yii\framework\base\CApplication.php(180): CWebApplication->processRequest()
#2 D:\Program Files (x86)\VertrigoServ\www\yii\hoteljob\protected\components\WebApplicationEndBehavior.php(31): CApplication->run()
#3 [internal function]: WebApplicationEndBehavior->runEnd('back')
#4 D:\Program Files (x86)\VertrigoServ\www\yii\framework\base\CComponent.php(261): call_user_func_array(Array, Array)
#5 D:\Program Files (x86)\VertrigoServ\www\yii\hoteljob\backend.php(13): CComponent->__call('runEnd', Array)
#6 D:\Program Files (x86)\VertrigoServ\www\yii\hoteljob\backend.php(13): CWebApplication->runEnd('back')
#7 {main}
REQUEST_URI=/yii/hoteljob/backend.php?r=gii
---
2014/09/02 08:06:18 [error] [exception.CHttpException.404] exception 'CHttpException' with message 'Unable to resolve the request "gii".' in D:\Program Files (x86)\VertrigoServ\www\yii\framework\web\CWebApplication.php:286
Stack trace:
#0 D:\Program Files (x86)\VertrigoServ\www\yii\framework\web\CWebApplication.php(141): CWebApplication->runController('gii')
#1 D:\Program Files (x86)\VertrigoServ\www\yii\framework\base\CApplication.php(180): CWebApplication->processRequest()
#2 D:\Program Files (x86)\VertrigoServ\www\yii\hoteljob\protected\components\WebApplicationEndBehavior.php(31): CApplication->run()
#3 [internal function]: WebApplicationEndBehavior->runEnd('back')
#4 D:\Program Files (x86)\VertrigoServ\www\yii\framework\base\CComponent.php(261): call_user_func_array(Array, Array)
#5 D:\Program Files (x86)\VertrigoServ\www\yii\hoteljob\backend.php(13): CComponent->__call('runEnd', Array)
#6 D:\Program Files (x86)\VertrigoServ\www\yii\hoteljob\backend.php(13): CWebApplication->runEnd('back')
#7 {main}
REQUEST_URI=/yii/hoteljob/backend.php?r=gii
HTTP_REFERER=http://localhost/yii/hoteljob/backend.php?r=site/login
---
2014/09/02 08:06:22 [error] [exception.CHttpException.404] exception 'CHttpException' with message 'Unable to resolve the request "gii".' in D:\Program Files (x86)\VertrigoServ\www\yii\framework\web\CWebApplication.php:286
Stack trace:
#0 D:\Program Files (x86)\VertrigoServ\www\yii\framework\web\CWebApplication.php(141): CWebApplication->runController('gii')
#1 D:\Program Files (x86)\VertrigoServ\www\yii\framework\base\CApplication.php(180): CWebApplication->processRequest()
#2 D:\Program Files (x86)\VertrigoServ\www\yii\hoteljob\protected\components\WebApplicationEndBehavior.php(31): CApplication->run()
#3 [internal function]: WebApplicationEndBehavior->runEnd('back')
#4 D:\Program Files (x86)\VertrigoServ\www\yii\framework\base\CComponent.php(261): call_user_func_array(Array, Array)
#5 D:\Program Files (x86)\VertrigoServ\www\yii\hoteljob\backend.php(13): CComponent->__call('runEnd', Array)
#6 D:\Program Files (x86)\VertrigoServ\www\yii\hoteljob\backend.php(13): CWebApplication->runEnd('back')
#7 {main}
REQUEST_URI=/yii/hoteljob/backend.php?r=gii
---
2014/10/13 14:42:22 [error] [php] include(Menu.php) [<a href='function.include'>function.include</a>]: failed to open stream: No such file or directory (D:\VertrigoServ\www\yii\framework\YiiBase.php:427)
Stack trace:
#0 D:\VertrigoServ\www\yii\framework\web\CWidgetFactory.php(147): spl_autoload_call()
#1 D:\VertrigoServ\www\yii\framework\web\CBaseController.php(146): CWidgetFactory->createWidget()
#2 D:\VertrigoServ\www\yii\framework\web\CBaseController.php(172): SiteController->createWidget()
#3 D:\VertrigoServ\www\yii\hoteljob\protected\views\back\site\index.php(72): SiteController->widget()
#4 D:\VertrigoServ\www\yii\framework\web\CBaseController.php(126): require()
#5 D:\VertrigoServ\www\yii\framework\web\CBaseController.php(95): SiteController->renderInternal()
#6 D:\VertrigoServ\www\yii\framework\web\CController.php(869): SiteController->renderFile()
#7 D:\VertrigoServ\www\yii\framework\web\CController.php(782): SiteController->renderPartial()
#8 D:\VertrigoServ\www\yii\hoteljob\protected\controllers\back\SiteController.php(48): SiteController->render()
#9 D:\VertrigoServ\www\yii\framework\web\actions\CInlineAction.php(49): SiteController->actionIndex()
#10 D:\VertrigoServ\www\yii\framework\web\CController.php(308): CInlineAction->runWithParams()
#11 D:\VertrigoServ\www\yii\framework\web\filters\CFilterChain.php(133): SiteController->runAction()
#12 D:\VertrigoServ\www\yii\framework\web\filters\CFilter.php(40): CFilterChain->run()
#13 D:\VertrigoServ\www\yii\framework\web\CController.php(1145): CAccessControlFilter->filter()
#14 D:\VertrigoServ\www\yii\framework\web\filters\CInlineFilter.php(58): SiteController->filterAccessControl()
#15 D:\VertrigoServ\www\yii\framework\web\filters\CFilterChain.php(130): CInlineFilter->filter()
#16 D:\VertrigoServ\www\yii\framework\web\CController.php(291): CFilterChain->run()
#17 D:\VertrigoServ\www\yii\framework\web\CController.php(265): SiteController->runActionWithFilters()
#18 D:\VertrigoServ\www\yii\framework\web\CWebApplication.php(282): SiteController->run()
#19 D:\VertrigoServ\www\yii\framework\web\CWebApplication.php(141): CWebApplication->runController()
#20 D:\VertrigoServ\www\yii\framework\base\CApplication.php(180): CWebApplication->processRequest()
#21 D:\VertrigoServ\www\yii\hoteljob\protected\components\WebApplicationEndBehavior.php(31): CWebApplication->run()
#22 unknown(0): WebApplicationEndBehavior->runEnd()
#23 D:\VertrigoServ\www\yii\framework\base\CComponent.php(261): call_user_func_array()
#24 D:\VertrigoServ\www\yii\hoteljob\backend.php(13): CWebApplication->__call()
#25 D:\VertrigoServ\www\yii\hoteljob\backend.php(13): CWebApplication->runEnd()
REQUEST_URI=/yii/hoteljob/backend.php
in D:\VertrigoServ\www\yii\hoteljob\protected\views\back\site\index.php (72)
in D:\VertrigoServ\www\yii\hoteljob\protected\controllers\back\SiteController.php (48)
in D:\VertrigoServ\www\yii\hoteljob\protected\components\WebApplicationEndBehavior.php (31)
2014/10/13 14:43:52 [error] [php] include(Menu.php) [<a href='function.include'>function.include</a>]: failed to open stream: No such file or directory (D:\VertrigoServ\www\yii\framework\YiiBase.php:427)
Stack trace:
#0 D:\VertrigoServ\www\yii\framework\web\CWidgetFactory.php(147): spl_autoload_call()
#1 D:\VertrigoServ\www\yii\framework\web\CBaseController.php(146): CWidgetFactory->createWidget()
#2 D:\VertrigoServ\www\yii\framework\web\CBaseController.php(172): SiteController->createWidget()
#3 D:\VertrigoServ\www\yii\hoteljob\protected\views\back\site\index.php(72): SiteController->widget()
#4 D:\VertrigoServ\www\yii\framework\web\CBaseController.php(126): require()
#5 D:\VertrigoServ\www\yii\framework\web\CBaseController.php(95): SiteController->renderInternal()
#6 D:\VertrigoServ\www\yii\framework\web\CController.php(869): SiteController->renderFile()
#7 D:\VertrigoServ\www\yii\framework\web\CController.php(782): SiteController->renderPartial()
#8 D:\VertrigoServ\www\yii\hoteljob\protected\controllers\back\SiteController.php(48): SiteController->render()
#9 D:\VertrigoServ\www\yii\framework\web\actions\CInlineAction.php(49): SiteController->actionIndex()
#10 D:\VertrigoServ\www\yii\framework\web\CController.php(308): CInlineAction->runWithParams()
#11 D:\VertrigoServ\www\yii\framework\web\filters\CFilterChain.php(133): SiteController->runAction()
#12 D:\VertrigoServ\www\yii\framework\web\filters\CFilter.php(40): CFilterChain->run()
#13 D:\VertrigoServ\www\yii\framework\web\CController.php(1145): CAccessControlFilter->filter()
#14 D:\VertrigoServ\www\yii\framework\web\filters\CInlineFilter.php(58): SiteController->filterAccessControl()
#15 D:\VertrigoServ\www\yii\framework\web\filters\CFilterChain.php(130): CInlineFilter->filter()
#16 D:\VertrigoServ\www\yii\framework\web\CController.php(291): CFilterChain->run()
#17 D:\VertrigoServ\www\yii\framework\web\CController.php(265): SiteController->runActionWithFilters()
#18 D:\VertrigoServ\www\yii\framework\web\CWebApplication.php(282): SiteController->run()
#19 D:\VertrigoServ\www\yii\framework\web\CWebApplication.php(141): CWebApplication->runController()
#20 D:\VertrigoServ\www\yii\framework\base\CApplication.php(180): CWebApplication->processRequest()
#21 D:\VertrigoServ\www\yii\hoteljob\protected\components\WebApplicationEndBehavior.php(31): CWebApplication->run()
#22 unknown(0): WebApplicationEndBehavior->runEnd()
#23 D:\VertrigoServ\www\yii\framework\base\CComponent.php(261): call_user_func_array()
#24 D:\VertrigoServ\www\yii\hoteljob\backend.php(13): CWebApplication->__call()
#25 D:\VertrigoServ\www\yii\hoteljob\backend.php(13): CWebApplication->runEnd()
REQUEST_URI=/yii/hoteljob/backend.php
in D:\VertrigoServ\www\yii\hoteljob\protected\views\back\site\index.php (72)
in D:\VertrigoServ\www\yii\hoteljob\protected\controllers\back\SiteController.php (48)
in D:\VertrigoServ\www\yii\hoteljob\protected\components\WebApplicationEndBehavior.php (31)
2014/10/13 16:30:32 [error] [exception.CException] exception 'CException' with message 'Alias "application.widget.backend.Navigator" không có hiệu lực. Phải chắc chắn nó chỉ đến một tập tin PHP đã có.' in D:\VertrigoServ\www\yii\framework\YiiBase.php:322
Stack trace:
#0 D:\VertrigoServ\www\yii\framework\web\CWidgetFactory.php(146): YiiBase::import('application.wid...', true)
#1 D:\VertrigoServ\www\yii\framework\web\CBaseController.php(146): CWidgetFactory->createWidget(Object(SiteController), 'application.wid...', Array)
#2 D:\VertrigoServ\www\yii\framework\web\CBaseController.php(172): CBaseController->createWidget('application.wid...', Array)
#3 D:\VertrigoServ\www\yii\hoteljob\protected\views\back\layouts\main.php(75): CBaseController->widget('application.wid...')
#4 D:\VertrigoServ\www\yii\framework\web\CBaseController.php(126): require('D:\VertrigoServ...')
#5 D:\VertrigoServ\www\yii\framework\web\CBaseController.php(95): CBaseController->renderInternal('D:\VertrigoServ...', Array, true)
#6 D:\VertrigoServ\www\yii\framework\web\widgets\CContentDecorator.php(76): CBaseController->renderFile('D:\VertrigoServ...', Array, true)
#7 D:\VertrigoServ\www\yii\framework\web\widgets\CContentDecorator.php(54): CContentDecorator->decorate('<div id="conten...')
#8 D:\VertrigoServ\www\yii\framework\web\widgets\COutputProcessor.php(44): CContentDecorator->processOutput('<div id="conten...')
#9 D:\VertrigoServ\www\yii\framework\web\CBaseController.php(206): COutputProcessor->run()
#10 D:\VertrigoServ\www\yii\framework\web\CBaseController.php(300): CBaseController->endWidget('CContentDecorat...')
#11 D:\VertrigoServ\www\yii\hoteljob\protected\views\back\layouts\column1.php(6): CBaseController->endContent()
#12 D:\VertrigoServ\www\yii\framework\web\CBaseController.php(126): require('D:\VertrigoServ...')
#13 D:\VertrigoServ\www\yii\framework\web\CBaseController.php(95): CBaseController->renderInternal('D:\VertrigoServ...', Array, true)
#14 D:\VertrigoServ\www\yii\framework\web\CController.php(784): CBaseController->renderFile('D:\VertrigoServ...', Array, true)
#15 D:\VertrigoServ\www\yii\hoteljob\protected\controllers\back\SiteController.php(48): CController->render('index', Array)
#16 D:\VertrigoServ\www\yii\framework\web\actions\CInlineAction.php(49): SiteController->actionIndex()
#17 D:\VertrigoServ\www\yii\framework\web\CController.php(308): CInlineAction->runWithParams(Array)
#18 D:\VertrigoServ\www\yii\framework\web\filters\CFilterChain.php(133): CController->runAction(Object(CInlineAction))
#19 D:\VertrigoServ\www\yii\framework\web\filters\CFilter.php(40): CFilterChain->run()
#20 D:\VertrigoServ\www\yii\framework\web\CController.php(1145): CFilter->filter(Object(CFilterChain))
#21 D:\VertrigoServ\www\yii\framework\web\filters\CInlineFilter.php(58): CController->filterAccessControl(Object(CFilterChain))
#22 D:\VertrigoServ\www\yii\framework\web\filters\CFilterChain.php(130): CInlineFilter->filter(Object(CFilterChain))
#23 D:\VertrigoServ\www\yii\framework\web\CController.php(291): CFilterChain->run()
#24 D:\VertrigoServ\www\yii\framework\web\CController.php(265): CController->runActionWithFilters(Object(CInlineAction), Array)
#25 D:\VertrigoServ\www\yii\framework\web\CWebApplication.php(282): CController->run('')
#26 D:\VertrigoServ\www\yii\framework\web\CWebApplication.php(141): CWebApplication->runController('')
#27 D:\VertrigoServ\www\yii\framework\base\CApplication.php(180): CWebApplication->processRequest()
#28 D:\VertrigoServ\www\yii\hoteljob\protected\components\WebApplicationEndBehavior.php(31): CApplication->run()
#29 [internal function]: WebApplicationEndBehavior->runEnd('back')
#30 D:\VertrigoServ\www\yii\framework\base\CComponent.php(261): call_user_func_array(Array, Array)
#31 D:\VertrigoServ\www\yii\hoteljob\backend.php(13): CComponent->__call('runEnd', Array)
#32 D:\VertrigoServ\www\yii\hoteljob\backend.php(13): CWebApplication->runEnd('back')
#33 {main}
REQUEST_URI=/yii/hoteljob/backend.php
---
2014/10/13 16:46:18 [error] [exception.CException] exception 'CException' with message 'Navigator không thể tìm thấy file view: "Navigator_".' in D:\VertrigoServ\www\yii\framework\web\widgets\CWidget.php:246
Stack trace:
#0 D:\VertrigoServ\www\yii\hoteljob\protected\widgets\backend\Navigator.php(12): CWidget->render('Navigator_')
#1 D:\VertrigoServ\www\yii\framework\web\CBaseController.php(173): Navigator->run()
#2 D:\VertrigoServ\www\yii\hoteljob\protected\views\back\layouts\main.php(75): CBaseController->widget('application.wid...')
#3 D:\VertrigoServ\www\yii\framework\web\CBaseController.php(126): require('D:\VertrigoServ...')
#4 D:\VertrigoServ\www\yii\framework\web\CBaseController.php(95): CBaseController->renderInternal('D:\VertrigoServ...', Array, true)
#5 D:\VertrigoServ\www\yii\framework\web\widgets\CContentDecorator.php(76): CBaseController->renderFile('D:\VertrigoServ...', Array, true)
#6 D:\VertrigoServ\www\yii\framework\web\widgets\CContentDecorator.php(54): CContentDecorator->decorate('<div id="conten...')
#7 D:\VertrigoServ\www\yii\framework\web\widgets\COutputProcessor.php(44): CContentDecorator->processOutput('<div id="conten...')
#8 D:\VertrigoServ\www\yii\framework\web\CBaseController.php(206): COutputProcessor->run()
#9 D:\VertrigoServ\www\yii\framework\web\CBaseController.php(300): CBaseController->endWidget('CContentDecorat...')
#10 D:\VertrigoServ\www\yii\hoteljob\protected\views\back\layouts\column1.php(6): CBaseController->endContent()
#11 D:\VertrigoServ\www\yii\framework\web\CBaseController.php(126): require('D:\VertrigoServ...')
#12 D:\VertrigoServ\www\yii\framework\web\CBaseController.php(95): CBaseController->renderInternal('D:\VertrigoServ...', Array, true)
#13 D:\VertrigoServ\www\yii\framework\web\CController.php(784): CBaseController->renderFile('D:\VertrigoServ...', Array, true)
#14 D:\VertrigoServ\www\yii\hoteljob\protected\controllers\back\SiteController.php(48): CController->render('index', Array)
#15 D:\VertrigoServ\www\yii\framework\web\actions\CInlineAction.php(49): SiteController->actionIndex()
#16 D:\VertrigoServ\www\yii\framework\web\CController.php(308): CInlineAction->runWithParams(Array)
#17 D:\VertrigoServ\www\yii\framework\web\filters\CFilterChain.php(133): CController->runAction(Object(CInlineAction))
#18 D:\VertrigoServ\www\yii\framework\web\filters\CFilter.php(40): CFilterChain->run()
#19 D:\VertrigoServ\www\yii\framework\web\CController.php(1145): CFilter->filter(Object(CFilterChain))
#20 D:\VertrigoServ\www\yii\framework\web\filters\CInlineFilter.php(58): CController->filterAccessControl(Object(CFilterChain))
#21 D:\VertrigoServ\www\yii\framework\web\filters\CFilterChain.php(130): CInlineFilter->filter(Object(CFilterChain))
#22 D:\VertrigoServ\www\yii\framework\web\CController.php(291): CFilterChain->run()
#23 D:\VertrigoServ\www\yii\framework\web\CController.php(265): CController->runActionWithFilters(Object(CInlineAction), Array)
#24 D:\VertrigoServ\www\yii\framework\web\CWebApplication.php(282): CController->run('')
#25 D:\VertrigoServ\www\yii\framework\web\CWebApplication.php(141): CWebApplication->runController('')
#26 D:\VertrigoServ\www\yii\framework\base\CApplication.php(180): CWebApplication->processRequest()
#27 D:\VertrigoServ\www\yii\hoteljob\protected\components\WebApplicationEndBehavior.php(31): CApplication->run()
#28 [internal function]: WebApplicationEndBehavior->runEnd('back')
#29 D:\VertrigoServ\www\yii\framework\base\CComponent.php(261): call_user_func_array(Array, Array)
#30 D:\VertrigoServ\www\yii\hoteljob\backend.php(13): CComponent->__call('runEnd', Array)
#31 D:\VertrigoServ\www\yii\hoteljob\backend.php(13): CWebApplication->runEnd('back')
#32 {main}
REQUEST_URI=/yii/hoteljob/backend.php
---
